/Users/mhhh/.sdkman/candidates/java/8.0.292-zulu/zulu-8.jdk/Contents/Home/bin/java -Djava.ext.dirs=/Users/mhhh/.sdkman/candidates/java/8.0.292-zulu/zulu-8.jdk/Contents/Home/jre/lib/ext:/Users/mhhh/.sdkman/candidates/java/8.0.292-zulu/zulu-8.jdk/Contents/Home/lib/ext  -Xms512m -Xmx512m -Xmn256m -Dnacos.standalone=true -Dnacos.member.list= -XX:+UseConcMarkSweepGC -XX:+UseCMSCompactAtFullCollection -XX:CMSInitiatingOccupancyFraction=70 -XX:+CMSParallelRemarkEnabled -XX:SoftRefLRUPolicyMSPerMB=0 -XX:+CMSClassUnloadingEnabled -XX:SurvivorRatio=8  -Xloggc:/Users/mhhh/java_learn/InterviewWebsite/nacos/nacos/logs/nacos_gc.log -verbose:gc -XX:+PrintGCDetails -XX:+PrintGCDateStamps -XX:+PrintGCTimeStamps -XX:+UseGCLogFileRotation -XX:NumberOfGCLogFiles=10 -XX:GCLogFileSize=100M -Dloader.path=/Users/mhhh/java_learn/InterviewWebsite/nacos/nacos/plugins,/Users/mhhh/java_learn/InterviewWebsite/nacos/nacos/plugins/health,/Users/mhhh/java_learn/InterviewWebsite/nacos/nacos/plugins/cmdb,/Users/mhhh/java_learn/InterviewWebsite/nacos/nacos/plugins/selector -Dnacos.home=/Users/mhhh/java_learn/InterviewWebsite/nacos/nacos -jar /Users/mhhh/java_learn/InterviewWebsite/nacos/nacos/target/nacos-server.jar -Dnacos.core.auth.enabled=false --spring.config.additional-location=file:/Users/mhhh/java_learn/InterviewWebsite/nacos/nacos/conf/ --logging.config=/Users/mhhh/java_learn/InterviewWebsite/nacos/nacos/conf/nacos-logback.xml --server.max-http-header-size=524288
OpenJDK 64-Bit Server VM warning: UseCMSCompactAtFullCollection is deprecated and will likely be removed in a future release.

         ,--.
       ,--.'|
   ,--,:  : |                                           Nacos 2.3.2
,`--.'`|  ' :                       ,---.               Running in stand alone mode, All function modules
|   :  :  | |                      '   ,'\   .--.--.    Port: 8848
:   |   \ | :  ,--.--.     ,---.  /   /   | /  /    '   Pid: 2070
|   : '  '; | /       \   /     \.   ; ,. :|  :  /`./   Console: http://192.168.1.4:8848/nacos/index.html
'   ' ;.    ;.--.  .-. | /    / ''   | |: :|  :  ;_
|   | | \   | \__\/: . ..    ' / '   | .; : \  \    `.      https://nacos.io
'   : |  ; .' ," .--.; |'   ; :__|   :    |  `----.   \
|   | '`--'  /  /  ,.  |'   | '.'|\   \  /  /  /`--'  /
'   : |     ;  :   .'   \   :    : `----'  '--'.     /
;   |.'     |  ,     .-./\   \  /            `--'---'
'---'        `--`---'     `----'

2026-03-19 01:17:16,801 INFO Tomcat initialized with port(s): 8848 (http)

2026-03-19 01:17:17,001 INFO Root WebApplicationContext: initialization completed in 1910 ms

2026-03-19 01:17:19,916 INFO Will secure any request with [org.springframework.security.web.session.DisableEncodeUrlFilter@5f1483fd, org.springframework.security.web.context.request.async.WebAsyncManagerIntegrationFilter@670f2466, org.springframework.security.web.context.SecurityContextPersistenceFilter@72bdd7c7, org.springframework.security.web.header.HeaderWriterFilter@2b1cd7bc, org.springframework.security.web.csrf.CsrfFilter@4b960b5b, org.springframework.security.web.authentication.logout.LogoutFilter@6c479fdf, org.springframework.security.web.savedrequest.RequestCacheAwareFilter@44fdce3c, org.springframework.security.web.servletapi.SecurityContextHolderAwareRequestFilter@6d33a66e, org.springframework.security.web.authentication.AnonymousAuthenticationFilter@6e03db1f, org.springframework.security.web.session.SessionManagementFilter@2e32fc22, org.springframework.security.web.access.ExceptionTranslationFilter@76ececd]

2026-03-19 01:17:20,120 INFO Adding welcome page: class path resource [static/index.html]

2026-03-19 01:17:20,374 INFO Exposing 1 endpoint(s) beneath base path '/actuator'

2026-03-19 01:17:20,383 WARN You are asking Spring Security to ignore Ant [pattern='/**']. This is not recommended -- please use permitAll via HttpSecurity#authorizeHttpRequests instead.

2026-03-19 01:17:20,383 INFO Will not secure Ant [pattern='/**']

2026-03-19 01:17:20,384 WARN You are asking Spring Security to ignore Mvc [pattern='/prometheus']. This is not recommended -- please use permitAll via HttpSecurity#authorizeHttpRequests instead.

2026-03-19 01:17:20,384 INFO Will not secure Mvc [pattern='/prometheus']

2026-03-19 01:17:20,384 WARN You are asking Spring Security to ignore Mvc [pattern='/prometheus/namespaceId/{namespaceId}']. This is not recommended -- please use permitAll via HttpSecurity#authorizeHttpRequests instead.

2026-03-19 01:17:20,384 INFO Will not secure Mvc [pattern='/prometheus/namespaceId/{namespaceId}']

2026-03-19 01:17:20,384 WARN You are asking Spring Security to ignore Mvc [pattern='/prometheus/namespaceId/{namespaceId}/service/{service}']. This is not recommended -- please use permitAll via HttpSecurity#authorizeHttpRequests instead.

2026-03-19 01:17:20,384 INFO Will not secure Mvc [pattern='/prometheus/namespaceId/{namespaceId}/service/{service}']

2026-03-19 01:17:20,418 INFO Tomcat started on port(s): 8848 (http) with context path '/nacos'

2026-03-19 01:17:20,426 INFO No TaskScheduler/ScheduledExecutorService bean found for scheduled processing

2026-03-19 01:17:20,435 INFO Nacos started successfully in stand alone mode. use embedded storage

